2024-01-20 10:13:08,347 DEBUG:Attempting to acquire lock 140307913458928 on /tmp/ray/session_2024-01-20_10-13-08_345835_657938/node_ip_address.json.lock
2024-01-20 10:13:08,347 DEBUG:Lock 140307913458928 acquired on /tmp/ray/session_2024-01-20_10-13-08_345835_657938/node_ip_address.json.lock
2024-01-20 10:13:08,347 DEBUG:Attempting to release lock 140307913458928 on /tmp/ray/session_2024-01-20_10-13-08_345835_657938/node_ip_address.json.lock
2024-01-20 10:13:08,347 DEBUG:Lock 140307913458928 released on /tmp/ray/session_2024-01-20_10-13-08_345835_657938/node_ip_address.json.lock
2024-01-20 10:13:08,348 DEBUG:Attempting to acquire lock 140307913460752 on /tmp/ray/session_2024-01-20_10-13-08_345835_657938/ports_by_node.json.lock
2024-01-20 10:13:08,348 DEBUG:Lock 140307913460752 acquired on /tmp/ray/session_2024-01-20_10-13-08_345835_657938/ports_by_node.json.lock
2024-01-20 10:13:08,348 DEBUG:Attempting to release lock 140307913460752 on /tmp/ray/session_2024-01-20_10-13-08_345835_657938/ports_by_node.json.lock
2024-01-20 10:13:08,348 DEBUG:Lock 140307913460752 released on /tmp/ray/session_2024-01-20_10-13-08_345835_657938/ports_by_node.json.lock
2024-01-20 10:13:08,348 DEBUG:Attempting to acquire lock 140307913462672 on /tmp/ray/session_2024-01-20_10-13-08_345835_657938/ports_by_node.json.lock
2024-01-20 10:13:08,348 DEBUG:Lock 140307913462672 acquired on /tmp/ray/session_2024-01-20_10-13-08_345835_657938/ports_by_node.json.lock
2024-01-20 10:13:08,351 DEBUG:Attempting to release lock 140307913462672 on /tmp/ray/session_2024-01-20_10-13-08_345835_657938/ports_by_node.json.lock
2024-01-20 10:13:08,351 DEBUG:Lock 140307913462672 released on /tmp/ray/session_2024-01-20_10-13-08_345835_657938/ports_by_node.json.lock
2024-01-20 10:13:08,351 DEBUG:Attempting to acquire lock 140307913460752 on /tmp/ray/session_2024-01-20_10-13-08_345835_657938/ports_by_node.json.lock
2024-01-20 10:13:08,351 DEBUG:Lock 140307913460752 acquired on /tmp/ray/session_2024-01-20_10-13-08_345835_657938/ports_by_node.json.lock
2024-01-20 10:13:08,352 DEBUG:Attempting to release lock 140307913460752 on /tmp/ray/session_2024-01-20_10-13-08_345835_657938/ports_by_node.json.lock
2024-01-20 10:13:08,352 DEBUG:Lock 140307913460752 released on /tmp/ray/session_2024-01-20_10-13-08_345835_657938/ports_by_node.json.lock
2024-01-20 10:13:08,352 DEBUG:Attempting to acquire lock 140307913463920 on /tmp/ray/session_2024-01-20_10-13-08_345835_657938/ports_by_node.json.lock
2024-01-20 10:13:08,352 DEBUG:Lock 140307913463920 acquired on /tmp/ray/session_2024-01-20_10-13-08_345835_657938/ports_by_node.json.lock
2024-01-20 10:13:08,354 DEBUG:Attempting to release lock 140307913463920 on /tmp/ray/session_2024-01-20_10-13-08_345835_657938/ports_by_node.json.lock
2024-01-20 10:13:08,354 DEBUG:Lock 140307913463920 released on /tmp/ray/session_2024-01-20_10-13-08_345835_657938/ports_by_node.json.lock
2024-01-20 10:13:08,354 DEBUG:Attempting to acquire lock 140307913466032 on /tmp/ray/session_2024-01-20_10-13-08_345835_657938/ports_by_node.json.lock
2024-01-20 10:13:08,354 DEBUG:Lock 140307913466032 acquired on /tmp/ray/session_2024-01-20_10-13-08_345835_657938/ports_by_node.json.lock
2024-01-20 10:13:08,355 DEBUG:Attempting to release lock 140307913466032 on /tmp/ray/session_2024-01-20_10-13-08_345835_657938/ports_by_node.json.lock
2024-01-20 10:13:08,355 DEBUG:Lock 140307913466032 released on /tmp/ray/session_2024-01-20_10-13-08_345835_657938/ports_by_node.json.lock
2024-01-20 10:13:12,411 INFO:Started Serve in namespace "serve".
2024-01-20 10:13:12,413 INFO:Connecting to existing Serve app in namespace "serve". New http options will not be applied.
2024-01-20 10:13:12,422 DEBUG:Waiting for ray_kafka_consumer to be RUNNING, current status: DEPLOYING.
2024-01-20 10:13:13,425 DEBUG:Waiting for ray_kafka_consumer to be RUNNING, current status: DEPLOYING.
2024-01-20 10:13:14,430 INFO:Deployment 'RayConsumer:coNlzJ' is ready at `http://127.0.0.1:8000/`. component=serve deployment=RayConsumer
